<?xml version="1.0" encoding="UTF-8"?>
<testExecutions version="1">
  <file path="C:\All_TSI_work\React_app_2\my-app\src\App.test.js">
    <testCase name="Renders camera image" duration="23"/>
    <testCase name="Renders film image" duration="11"/>
    <testCase name="Renders add category film input" duration="7"/>
    <testCase name="Renders add category genre input" duration="3"/>
    <testCase name="Searching for horror films" duration="13"/>
  </file>
</testExecutions>